<?xml version="1.0" encoding="UTF-8"?>
<!-- Generated by org.testng.reporters.JUnitReportReporter -->
<testsuite skipped="0" hostname="DESKTOP-A0IO5O7" name="com.actitime.users.CreateNewUserTest" tests="1" failures="0" timestamp="07 Feb 2021 18:54:17 GMT" time="68.547" errors="0">
  <testcase name="createNewUser" time="68.547" classname="com.actitime.users.CreateNewUserTest"/>
</testsuite> <!-- com.actitime.users.CreateNewUserTest -->
