<?xml version="1.0" encoding="UTF-8"?>
<!-- Generated by org.testng.reporters.JUnitReportReporter -->
<testsuite skipped="0" hostname="DESKTOP-A0IO5O7" name="com.actitime.TimeTrack.ValidLoginTest" tests="1" failures="0" timestamp="16 Jan 2021 11:54:56 GMT" time="32.370" errors="0">
  <testcase name="loginToApp" time="32.370" classname="com.actitime.TimeTrack.ValidLoginTest"/>
</testsuite> <!-- com.actitime.TimeTrack.ValidLoginTest -->
